<?xml version="1.0" encoding="UTF-8"?>
<testng-results ignored="0" total="1" passed="1" failed="0" skipped="0">
  <reporter-output>
  </reporter-output>
  <suite started-at="2021-06-18T17:03:19 IST" name="Default suite" finished-at="2021-06-18T17:03:31 IST" duration-ms="11564">
    <groups>
    </groups>
    <test started-at="2021-06-18T17:03:19 IST" name="Default test" finished-at="2021-06-18T17:03:31 IST" duration-ms="11564">
      <class name="com.test.classes.ToverifyLoginFunctionality">
        <test-method is-config="true" signature="openexcelsheet()[pri:0, instance:com.test.classes.ToverifyLoginFunctionality@11c9af63]" started-at="2021-06-18T17:03:19 IST" name="openexcelsheet" finished-at="2021-06-18T17:03:19 IST" duration-ms="485" status="PASS">
          <reporter-output>
          </reporter-output>
        </test-method> <!-- openexcelsheet -->
        <test-method is-config="true" signature="browserlaunch()[pri:0, instance:com.test.classes.ToverifyLoginFunctionality@11c9af63]" started-at="2021-06-18T17:03:19 IST" name="browserlaunch" finished-at="2021-06-18T17:03:21 IST" duration-ms="1837" status="PASS">
          <reporter-output>
          </reporter-output>
        </test-method> <!-- browserlaunch -->
        <test-method is-config="true" signature="Lauchapllication()[pri:0, instance:com.test.classes.ToverifyLoginFunctionality@11c9af63]" started-at="2021-06-18T17:03:21 IST" name="Lauchapllication" finished-at="2021-06-18T17:03:24 IST" duration-ms="2930" status="PASS">
          <reporter-output>
          </reporter-output>
        </test-method> <!-- Lauchapllication -->
        <test-method signature="verifykitelogin()[pri:1, instance:com.test.classes.ToverifyLoginFunctionality@11c9af63]" started-at="2021-06-18T17:03:24 IST" name="verifykitelogin" finished-at="2021-06-18T17:03:31 IST" duration-ms="6493" status="PASS">
          <reporter-output>
          </reporter-output>
        </test-method> <!-- verifykitelogin -->
        <test-method is-config="true" signature="screenshot(org.testng.ITestResult)[pri:0, instance:com.test.classes.ToverifyLoginFunctionality@11c9af63]" started-at="2021-06-18T17:03:31 IST" name="screenshot" finished-at="2021-06-18T17:03:31 IST" duration-ms="1" status="PASS">
          <params>
            <param index="0">
              <value>
                <![CDATA[[TestResult name=verifykitelogin status=SUCCESS method=ToverifyLoginFunctionality.verifykitelogin()[pri:1, instance:com.test.classes.ToverifyLoginFunctionality@11c9af63] output={null}]]]>
              </value>
            </param>
          </params>
          <reporter-output>
          </reporter-output>
        </test-method> <!-- screenshot -->
        <test-method is-config="true" signature="browserclose()[pri:0, instance:com.test.classes.ToverifyLoginFunctionality@11c9af63]" started-at="2021-06-18T17:03:31 IST" name="browserclose" finished-at="2021-06-18T17:03:31 IST" duration-ms="277" status="PASS">
          <reporter-output>
          </reporter-output>
        </test-method> <!-- browserclose -->
      </class> <!-- com.test.classes.ToverifyLoginFunctionality -->
    </test> <!-- Default test -->
  </suite> <!-- Default suite -->
</testng-results>
